<?xml version="1.0" encoding="UTF-8"?>
<coverage generated="1775373613880" clover="3.2.0">
  <project timestamp="1775373613880" name="All files">
    <metrics statements="20" coveredstatements="16" conditionals="2" coveredconditionals="1" methods="11" coveredmethods="8" elements="33" coveredelements="25" complexity="0" loc="20" ncloc="20" packages="1" files="3" classes="3"/>
    <file name="Juego.ts" path="/workspaces/TP1-TypeScript/src/Juego.ts">
      <metrics statements="5" coveredstatements="3" conditionals="0" coveredconditionals="0" methods="4" coveredmethods="2"/>
      <line num="9" count="2" type="stmt"/>
      <line num="10" count="2" type="stmt"/>
      <line num="14" count="0" type="stmt"/>
      <line num="18" count="0" type="stmt"/>
      <line num="22" count="1" type="stmt"/>
    </file>
    <file name="Producto.ts" path="/workspaces/TP1-TypeScript/src/Producto.ts">
      <metrics statements="4" coveredstatements="4" conditionals="0" coveredconditionals="0" methods="3" coveredmethods="3"/>
      <line num="7" count="2" type="stmt"/>
      <line num="8" count="2" type="stmt"/>
      <line num="12" count="2" type="stmt"/>
      <line num="16" count="1" type="stmt"/>
    </file>
    <file name="Tienda.ts" path="/workspaces/TP1-TypeScript/src/Tienda.ts">
      <metrics statements="11" coveredstatements="9" conditionals="2" coveredconditionals="1" methods="4" coveredmethods="3"/>
      <line num="8" count="1" type="stmt"/>
      <line num="12" count="1" type="stmt"/>
      <line num="16" count="1" type="stmt"/>
      <line num="17" count="1" type="stmt"/>
      <line num="19" count="1" type="stmt"/>
      <line num="21" count="1" type="cond" truecount="1" falsecount="1"/>
      <line num="22" count="1" type="stmt"/>
      <line num="25" count="1" type="stmt"/>
      <line num="27" count="1" type="stmt"/>
      <line num="31" count="0" type="stmt"/>
      <line num="33" count="0" type="stmt"/>
    </file>
  </project>
</coverage>
