{"/workspaces/TP1-TypeScript/src/Juego.ts": {"path":"/workspaces/TP1-TypeScript/src/Juego.ts","statementMap":{"0":{"start":{"line":9,"column":8},"end":{"line":9,"column":null}},"1":{"start":{"line":10,"column":8},"end":{"line":10,"column":null}},"2":{"start":{"line":14,"column":8},"end":{"line":14,"column":null}},"3":{"start":{"line":18,"column":8},"end":{"line":18,"column":null}},"4":{"start":{"line":22,"column":8},"end":{"line":22,"column":null}}},"fnMap":{"0":{"name":"(anonymous_0)","decl":{"start":{"line":8,"column":4},"end":{"line":8,"column":16}},"loc":{"start":{"line":8,"column":63},"end":{"line":10,"column":null}},"line":8},"1":{"name":"(anonymous_1)","decl":{"start":{"line":13,"column":4},"end":{"line":13,"column":11}},"loc":{"start":{"line":13,"column":31},"end":{"line":14,"column":null}},"line":13},"2":{"name":"(anonymous_2)","decl":{"start":{"line":17,"column":4},"end":{"line":17,"column":11}},"loc":{"start":{"line":17,"column":28},"end":{"line":18,"column":null}},"line":17},"3":{"name":"(anonymous_3)","decl":{"start":{"line":21,"column":4},"end":{"line":21,"column":11}},"loc":{"start":{"line":21,"column":34},"end":{"line":22,"column":null}},"line":21}},"branchMap":{},"s":{"0":2,"1":2,"2":0,"3":0,"4":1},"f":{"0":2,"1":0,"2":0,"3":1},"b":{},"meta":{"lastBranch":0,"lastFunction":4,"lastStatement":5,"seen":{"f:8:4:8:16":0,"s:9:8:9:Infinity":0,"s:10:8:10:Infinity":1,"f:13:4:13:11":1,"s:14:8:14:Infinity":2,"f:17:4:17:11":2,"s:18:8:18:Infinity":3,"f:21:4:21:11":3,"s:22:8:22:Infinity":4}}}
,"/workspaces/TP1-TypeScript/src/Producto.ts": {"path":"/workspaces/TP1-TypeScript/src/Producto.ts","statementMap":{"0":{"start":{"line":7,"column":8},"end":{"line":7,"column":null}},"1":{"start":{"line":8,"column":8},"end":{"line":8,"column":null}},"2":{"start":{"line":12,"column":8},"end":{"line":12,"column":null}},"3":{"start":{"line":16,"column":8},"end":{"line":16,"column":null}}},"fnMap":{"0":{"name":"(anonymous_0)","decl":{"start":{"line":6,"column":4},"end":{"line":6,"column":16}},"loc":{"start":{"line":6,"column":47},"end":{"line":8,"column":null}},"line":6},"1":{"name":"(anonymous_1)","decl":{"start":{"line":11,"column":4},"end":{"line":11,"column":11}},"loc":{"start":{"line":11,"column":30},"end":{"line":12,"column":null}},"line":11},"2":{"name":"(anonymous_2)","decl":{"start":{"line":15,"column":4},"end":{"line":15,"column":11}},"loc":{"start":{"line":15,"column":30},"end":{"line":16,"column":null}},"line":15}},"branchMap":{},"s":{"0":2,"1":2,"2":2,"3":1},"f":{"0":2,"1":2,"2":1},"b":{},"meta":{"lastBranch":0,"lastFunction":3,"lastStatement":4,"seen":{"f:6:4:6:16":0,"s:7:8:7:Infinity":0,"s:8:8:8:Infinity":1,"f:11:4:11:11":1,"s:12:8:12:Infinity":2,"f:15:4:15:11":2,"s:16:8:16:Infinity":3}}}
,"/workspaces/TP1-TypeScript/src/Tienda.ts": {"path":"/workspaces/TP1-TypeScript/src/Tienda.ts","statementMap":{"0":{"start":{"line":8,"column":8},"end":{"line":8,"column":null}},"1":{"start":{"line":12,"column":8},"end":{"line":12,"column":null}},"2":{"start":{"line":16,"column":35},"end":{"line":16,"column":37}},"3":{"start":{"line":17,"column":24},"end":{"line":17,"column":null}},"4":{"start":{"line":19,"column":8},"end":{"line":25,"column":null}},"5":{"start":{"line":21,"column":12},"end":{"line":22,"column":null}},"6":{"start":{"line":22,"column":16},"end":{"line":22,"column":null}},"7":{"start":{"line":25,"column":12},"end":{"line":25,"column":null}},"8":{"start":{"line":27,"column":8},"end":{"line":27,"column":null}},"9":{"start":{"line":31,"column":8},"end":{"line":31,"column":null}},"10":{"start":{"line":33,"column":8},"end":{"line":33,"column":null}}},"fnMap":{"0":{"name":"(anonymous_0)","decl":{"start":{"line":7,"column":4},"end":{"line":7,"column":18}},"loc":{"start":{"line":7,"column":18},"end":{"line":8,"column":null}},"line":7},"1":{"name":"(anonymous_1)","decl":{"start":{"line":11,"column":4},"end":{"line":11,"column":11}},"loc":{"start":{"line":11,"column":44},"end":{"line":12,"column":null}},"line":11},"2":{"name":"(anonymous_2)","decl":{"start":{"line":15,"column":4},"end":{"line":15,"column":11}},"loc":{"start":{"line":15,"column":48},"end":{"line":27,"column":null}},"line":15},"3":{"name":"(anonymous_3)","decl":{"start":{"line":30,"column":4},"end":{"line":30,"column":11}},"loc":{"start":{"line":30,"column":64},"end":{"line":33,"column":null}},"line":30}},"branchMap":{"0":{"loc":{"start":{"line":21,"column":12},"end":{"line":22,"column":null}},"type":"if","locations":[{"start":{"line":21,"column":12},"end":{"line":22,"column":null}},{"start":{},"end":{}}],"line":21}},"s":{"0":1,"1":1,"2":1,"3":1,"4":1,"5":1,"6":1,"7":1,"8":1,"9":0,"10":0},"f":{"0":1,"1":1,"2":1,"3":0},"b":{"0":[1,0]},"meta":{"lastBranch":1,"lastFunction":4,"lastStatement":11,"seen":{"f:7:4:7:18":0,"s:8:8:8:Infinity":0,"f:11:4:11:11":1,"s:12:8:12:Infinity":1,"f:15:4:15:11":2,"s:16:35:16:37":2,"s:17:24:17:Infinity":3,"s:19:8:25:Infinity":4,"b:21:12:22:Infinity:undefined:undefined:undefined:undefined":0,"s:21:12:22:Infinity":5,"s:22:16:22:Infinity":6,"s:25:12:25:Infinity":7,"s:27:8:27:Infinity":8,"f:30:4:30:11":3,"s:31:8:31:Infinity":9,"s:33:8:33:Infinity":10}}}
}
